This file contains any messages produced by compilers while
running configure, to aid debugging if configure makes a mistake.

It was created by OpenMAX Bellagio configure 0.9.1, which was
generated by GNU Autoconf 2.69.  Invocation command line was

  $ /home/rene/workspace/omx/bellagio/libomxil-bellagio/configure 

## --------- ##
## Platform. ##
## --------- ##

hostname = ubuntu
uname -m = x86_64
uname -r = 4.4.0-75-generic
uname -s = Linux
uname -v = #96-Ubuntu SMP Thu Apr 20 09:56:33 UTC 2017

/usr/bin/uname -p = unknown
/bin/uname -X     = unknown

/bin/arch              = unknown
/usr/bin/arch -k       = unknown
/usr/convex/getsysinfo = unknown
/usr/bin/hostinfo      = unknown
/bin/machine           = unknown
/usr/bin/oslevel       = unknown
/bin/universe          = unknown

PATH: /home/rene/bin
PATH: /home/rene/.local/bin
PATH: /usr/local/sbin
PATH: /usr/local/bin
PATH: /usr/sbin
PATH: /usr/bin
PATH: /sbin
PATH: /bin
PATH: /usr/games
PATH: /usr/local/games
PATH: /snap/bin


## ----------- ##
## Core tests. ##
## ----------- ##

configure:2375: checking for a BSD-compatible install
configure:2443: result: /usr/bin/install -c
configure:2454: checking whether build environment is sane
configure:2509: result: yes
configure:2660: checking for a thread-safe mkdir -p
configure:2699: result: /bin/mkdir -p
configure:2706: checking for gawk
configure:2722: found /usr/bin/gawk
configure:2733: result: gawk
configure:2744: checking whether make sets $(MAKE)
configure:2766: result: yes
configure:2795: checking whether make supports nested variables
configure:2812: result: yes
configure:2901: checking whether UID '1000' is supported by ustar format
configure:2904: result: yes
configure:2911: checking whether GID '1000' is supported by ustar format
configure:2914: result: yes
configure:2922: checking how to create a ustar tar archive
configure:2933: tar --version
tar (GNU tar) 1.28
Copyright (C) 2014 Free Software Foundation, Inc.
License GPLv3+: GNU GPL version 3 or later <http://gnu.org/licenses/gpl.html>.
This is free software: you are free to change and redistribute it.
There is NO WARRANTY, to the extent permitted by law.

Written by John Gilmore and Jay Fenlason.
configure:2936: $? = 0
configure:2976: tardir=conftest.dir && eval tar --format=ustar -chf - "$tardir" >conftest.tar
configure:2979: $? = 0
configure:2983: tar -xf - <conftest.tar
configure:2986: $? = 0
configure:2988: cat conftest.dir/file
GrepMe
configure:2991: $? = 0
configure:3004: result: gnutar
configure:3273: checking for gcc
configure:3289: found /usr/bin/gcc
configure:3300: result: gcc
configure:3529: checking for C compiler version
configure:3538: gcc --version >&5
gcc (Ubuntu 5.4.0-6ubuntu1~16.04.4) 5.4.0 20160609
Copyright (C) 2015 Free Software Foundation, Inc.
This is free software; see the source for copying conditions.  There is NO
warranty; not even for MERCHANTABILITY or FITNESS FOR A PARTICULAR PURPOSE.

configure:3549: $? = 0
configure:3538: gcc -v >&5
Using built-in specs.
COLLECT_GCC=gcc
COLLECT_LTO_WRAPPER=/usr/lib/gcc/x86_64-linux-gnu/5/lto-wrapper
Target: x86_64-linux-gnu
Configured with: ../src/configure -v --with-pkgversion='Ubuntu 5.4.0-6ubuntu1~16.04.4' --with-bugurl=file:///usr/share/doc/gcc-5/README.Bugs --enable-languages=c,ada,c++,java,go,d,fortran,objc,obj-c++ --prefix=/usr --program-suffix=-5 --enable-shared --enable-linker-build-id --libexecdir=/usr/lib --without-included-gettext --enable-threads=posix --libdir=/usr/lib --enable-nls --with-sysroot=/ --enable-clocale=gnu --enable-libstdcxx-debug --enable-libstdcxx-time=yes --with-default-libstdcxx-abi=new --enable-gnu-unique-object --disable-vtable-verify --enable-libmpx --enable-plugin --with-system-zlib --disable-browser-plugin --enable-java-awt=gtk --enable-gtk-cairo --with-java-home=/usr/lib/jvm/java-1.5.0-gcj-5-amd64/jre --enable-java-home --with-jvm-root-dir=/usr/lib/jvm/java-1.5.0-gcj-5-amd64 --with-jvm-jar-dir=/usr/lib/jvm-exports/java-1.5.0-gcj-5-amd64 --with-arch-directory=amd64 --with-ecj-jar=/usr/share/java/eclipse-ecj.jar --enable-objc-gc --enable-multiarch --disable-werror --with-arch-32=i686 --with-abi=m64 --with-multilib-list=m32,m64,mx32 --enable-multilib --with-tune=generic --enable-checking=release --build=x86_64-linux-gnu --host=x86_64-linux-gnu --target=x86_64-linux-gnu
Thread model: posix
gcc version 5.4.0 20160609 (Ubuntu 5.4.0-6ubuntu1~16.04.4) 
configure:3549: $? = 0
configure:3538: gcc -V >&5
gcc: error: unrecognized command line option '-V'
gcc: fatal error: no input files
compilation terminated.
configure:3549: $? = 1
configure:3538: gcc -qversion >&5
gcc: error: unrecognized command line option '-qversion'
gcc: fatal error: no input files
compilation terminated.
configure:3549: $? = 1
configure:3569: checking whether the C compiler works
configure:3591: gcc  -Werror   conftest.c  >&5
configure:3595: $? = 0
configure:3643: result: yes
configure:3646: checking for C compiler default output file name
configure:3648: result: a.out
configure:3654: checking for suffix of executables
configure:3661: gcc -o conftest  -Werror   conftest.c  >&5
configure:3665: $? = 0
configure:3687: result: 
configure:3709: checking whether we are cross compiling
configure:3717: gcc -o conftest  -Werror   conftest.c  >&5
configure:3721: $? = 0
configure:3728: ./conftest
configure:3732: $? = 0
configure:3747: result: no
configure:3752: checking for suffix of object files
configure:3774: gcc -c  -Werror  conftest.c >&5
configure:3778: $? = 0
configure:3799: result: o
configure:3803: checking whether we are using the GNU C compiler
configure:3822: gcc -c  -Werror  conftest.c >&5
configure:3822: $? = 0
configure:3831: result: yes
configure:3840: checking whether gcc accepts -g
configure:3860: gcc -c -g  conftest.c >&5
configure:3860: $? = 0
configure:3901: result: yes
configure:3918: checking for gcc option to accept ISO C89
configure:3981: gcc  -c  -Werror  conftest.c >&5
configure:3981: $? = 0
configure:3994: result: none needed
configure:4019: checking whether gcc understands -c and -o together
configure:4041: gcc -c conftest.c -o conftest2.o
configure:4044: $? = 0
configure:4041: gcc -c conftest.c -o conftest2.o
configure:4044: $? = 0
configure:4056: result: yes
configure:4084: checking for style of include used by make
configure:4112: result: GNU
configure:4138: checking dependency style of gcc
configure:4249: result: gcc3
configure:4296: checking build system type
configure:4310: result: x86_64-pc-linux-gnu
configure:4330: checking host system type
configure:4343: result: x86_64-pc-linux-gnu
configure:4384: checking how to print strings
configure:4411: result: printf
configure:4432: checking for a sed that does not truncate output
configure:4496: result: /bin/sed
configure:4514: checking for grep that handles long lines and -e
configure:4572: result: /bin/grep
configure:4577: checking for egrep
configure:4639: result: /bin/grep -E
configure:4644: checking for fgrep
configure:4706: result: /bin/grep -F
configure:4741: checking for ld used by gcc
configure:4808: result: /usr/bin/ld
configure:4815: checking if the linker (/usr/bin/ld) is GNU ld
configure:4830: result: yes
configure:4842: checking for BSD- or MS-compatible name lister (nm)
configure:4896: result: /usr/bin/nm -B
configure:5026: checking the name lister (/usr/bin/nm -B) interface
configure:5033: gcc -c  -Werror  conftest.c >&5
configure:5036: /usr/bin/nm -B "conftest.o"
configure:5039: output
0000000000000000 B some_variable
configure:5046: result: BSD nm
configure:5049: checking whether ln -s works
configure:5053: result: yes
configure:5061: checking the maximum length of command line arguments
configure:5192: result: 1572864
configure:5240: checking how to convert x86_64-pc-linux-gnu file names to x86_64-pc-linux-gnu format
configure:5280: result: func_convert_file_noop
configure:5287: checking how to convert x86_64-pc-linux-gnu file names to toolchain format
configure:5307: result: func_convert_file_noop
configure:5314: checking for /usr/bin/ld option to reload object files
configure:5321: result: -r
configure:5395: checking for objdump
configure:5411: found /usr/bin/objdump
configure:5422: result: objdump
configure:5454: checking how to recognize dependent libraries
configure:5654: result: pass_all
configure:5739: checking for dlltool
configure:5769: result: no
configure:5799: checking how to associate runtime and link libraries
configure:5826: result: printf %s\n
configure:5887: checking for ar
configure:5903: found /usr/bin/ar
configure:5914: result: ar
configure:5951: checking for archiver @FILE support
configure:5968: gcc -c  -Werror  conftest.c >&5
configure:5968: $? = 0
configure:5971: ar cru libconftest.a @conftest.lst >&5
ar: `u' modifier ignored since `D' is the default (see `U')
configure:5974: $? = 0
configure:5979: ar cru libconftest.a @conftest.lst >&5
ar: `u' modifier ignored since `D' is the default (see `U')
ar: conftest.o: No such file or directory
configure:5982: $? = 1
configure:5994: result: @
configure:6052: checking for strip
configure:6068: found /usr/bin/strip
configure:6079: result: strip
configure:6151: checking for ranlib
configure:6167: found /usr/bin/ranlib
configure:6178: result: ranlib
configure:6280: checking command to parse /usr/bin/nm -B output from gcc object
configure:6433: gcc -c  -Werror  conftest.c >&5
configure:6436: $? = 0
configure:6440: /usr/bin/nm -B conftest.o \| sed -n -e 's/^.*[ ]\([ABCDGIRSTW][ABCDGIRSTW]*\)[ ][ ]*\([_A-Za-z][_A-Za-z0-9]*\)$/\1 \2 \2/p' | sed '/ __gnu_lto/d' \> conftest.nm
configure:6443: $? = 0
configure:6509: gcc -o conftest  -Werror   conftest.c conftstm.o >&5
configure:6512: $? = 0
configure:6550: result: ok
configure:6597: checking for sysroot
configure:6627: result: no
configure:6634: checking for a working dd
configure:6672: result: /bin/dd
configure:6676: checking how to truncate binary pipes
configure:6691: result: /bin/dd bs=4096 count=1
configure:6827: gcc -c  -Werror  conftest.c >&5
configure:6830: $? = 0
configure:7020: checking for mt
configure:7036: found /bin/mt
configure:7047: result: mt
configure:7070: checking if mt is a manifest tool
configure:7076: mt '-?'
configure:7084: result: no
configure:7761: checking how to run the C preprocessor
configure:7792: gcc -E  conftest.c
configure:7792: $? = 0
configure:7806: gcc -E  conftest.c
conftest.c:11:28: fatal error: ac_nonexistent.h: No such file or directory
compilation terminated.
configure:7806: $? = 1
configure: failed program was:
| /* confdefs.h */
| #define PACKAGE_NAME "OpenMAX Bellagio"
| #define PACKAGE_TARNAME "libomxil-bellagio"
| #define PACKAGE_VERSION "0.9.1"
| #define PACKAGE_STRING "OpenMAX Bellagio 0.9.1"
| #define PACKAGE_BUGREPORT ""
| #define PACKAGE_URL ""
| #define PACKAGE "libomxil-bellagio"
| #define VERSION "0.9.1"
| /* end confdefs.h.  */
| #include <ac_nonexistent.h>
configure:7831: result: gcc -E
configure:7851: gcc -E  conftest.c
configure:7851: $? = 0
configure:7865: gcc -E  conftest.c
conftest.c:11:28: fatal error: ac_nonexistent.h: No such file or directory
compilation terminated.
configure:7865: $? = 1
configure: failed program was:
| /* confdefs.h */
| #define PACKAGE_NAME "OpenMAX Bellagio"
| #define PACKAGE_TARNAME "libomxil-bellagio"
| #define PACKAGE_VERSION "0.9.1"
| #define PACKAGE_STRING "OpenMAX Bellagio 0.9.1"
| #define PACKAGE_BUGREPORT ""
| #define PACKAGE_URL ""
| #define PACKAGE "libomxil-bellagio"
| #define VERSION "0.9.1"
| /* end confdefs.h.  */
| #include <ac_nonexistent.h>
configure:7894: checking for ANSI C header files
configure:7914: gcc -c  -Werror  conftest.c >&5
configure:7914: $? = 0
configure:7987: gcc -o conftest  -Werror   conftest.c  >&5
configure:7987: $? = 0
configure:7987: ./conftest
configure:7987: $? = 0
configure:7998: result: yes
configure:8011: checking for sys/types.h
configure:8011: gcc -c  -Werror  conftest.c >&5
configure:8011: $? = 0
configure:8011: result: yes
configure:8011: checking for sys/stat.h
configure:8011: gcc -c  -Werror  conftest.c >&5
configure:8011: $? = 0
configure:8011: result: yes
configure:8011: checking for stdlib.h
configure:8011: gcc -c  -Werror  conftest.c >&5
configure:8011: $? = 0
configure:8011: result: yes
configure:8011: checking for string.h
configure:8011: gcc -c  -Werror  conftest.c >&5
configure:8011: $? = 0
configure:8011: result: yes
configure:8011: checking for memory.h
configure:8011: gcc -c  -Werror  conftest.c >&5
configure:8011: $? = 0
configure:8011: result: yes
configure:8011: checking for strings.h
configure:8011: gcc -c  -Werror  conftest.c >&5
configure:8011: $? = 0
configure:8011: result: yes
configure:8011: checking for inttypes.h
configure:8011: gcc -c  -Werror  conftest.c >&5
configure:8011: $? = 0
configure:8011: result: yes
configure:8011: checking for stdint.h
configure:8011: gcc -c  -Werror  conftest.c >&5
configure:8011: $? = 0
configure:8011: result: yes
configure:8011: checking for unistd.h
configure:8011: gcc -c  -Werror  conftest.c >&5
configure:8011: $? = 0
configure:8011: result: yes
configure:8025: checking for dlfcn.h
configure:8025: gcc -c  -Werror  conftest.c >&5
configure:8025: $? = 0
configure:8025: result: yes
configure:8281: checking for objdir
configure:8296: result: .libs
configure:8560: checking if gcc supports -fno-rtti -fno-exceptions
configure:8578: gcc -c  -Werror  -fno-rtti -fno-exceptions conftest.c >&5
cc1: error: command line option '-fno-rtti' is valid for C++/ObjC++ but not for C [-Werror]
cc1: all warnings being treated as errors
configure:8582: $? = 1
configure:8595: result: no
configure:8953: checking for gcc option to produce PIC
configure:8960: result: -fPIC -DPIC
configure:8968: checking if gcc PIC flag -fPIC -DPIC works
configure:8986: gcc -c  -Werror  -fPIC -DPIC -DPIC conftest.c >&5
configure:8990: $? = 0
configure:9003: result: yes
configure:9032: checking if gcc static flag -static works
configure:9060: result: yes
configure:9075: checking if gcc supports -c -o file.o
configure:9096: gcc -c  -Werror  -o out/conftest2.o conftest.c >&5
configure:9100: $? = 0
configure:9122: result: yes
configure:9130: checking if gcc supports -c -o file.o
configure:9177: result: yes
configure:9210: checking whether the gcc linker (/usr/bin/ld -m elf_x86_64) supports shared libraries
configure:10473: result: yes
configure:10510: checking whether -lc should be explicitly linked in
configure:10518: gcc -c  -Werror  conftest.c >&5
configure:10521: $? = 0
configure:10536: gcc -shared  -fPIC -DPIC conftest.o  -v -Wl,-soname -Wl,conftest -o conftest 2\>\&1 \| /bin/grep  -lc  \>/dev/null 2\>\&1
configure:10539: $? = 0
configure:10553: result: no
configure:10713: checking dynamic linker characteristics
configure:11294: gcc -o conftest  -Werror   -Wl,-rpath -Wl,/foo conftest.c  >&5
configure:11294: $? = 0
configure:11543: result: GNU/Linux ld.so
configure:11665: checking how to hardcode library paths into programs
configure:11690: result: immediate
configure:12238: checking whether stripping libraries is possible
configure:12243: result: yes
configure:12278: checking if libtool supports shared libraries
configure:12280: result: yes
configure:12283: checking whether to build shared libraries
configure:12308: result: yes
configure:12311: checking whether to build static libraries
configure:12315: result: yes
configure:12356: checking for doxygen
configure:12372: found /usr/bin/doxygen
configure:12384: result: true
configure:12575: checking for the pthreads library -lpthreads
configure:12616: gcc -o conftest  -Werror    conftest.c -lpthreads  >&5
/usr/bin/ld: cannot find -lpthreads
collect2: error: ld returned 1 exit status
configure:12616: $? = 1
configure: failed program was:
| /* confdefs.h */
| #define PACKAGE_NAME "OpenMAX Bellagio"
| #define PACKAGE_TARNAME "libomxil-bellagio"
| #define PACKAGE_VERSION "0.9.1"
| #define PACKAGE_STRING "OpenMAX Bellagio 0.9.1"
| #define PACKAGE_BUGREPORT ""
| #define PACKAGE_URL ""
| #define PACKAGE "libomxil-bellagio"
| #define VERSION "0.9.1"
| #define STDC_HEADERS 1
| #define HAVE_SYS_TYPES_H 1
| #define HAVE_SYS_STAT_H 1
| #define HAVE_STDLIB_H 1
| #define HAVE_STRING_H 1
| #define HAVE_MEMORY_H 1
| #define HAVE_STRINGS_H 1
| #define HAVE_INTTYPES_H 1
| #define HAVE_STDINT_H 1
| #define HAVE_UNISTD_H 1
| #define HAVE_DLFCN_H 1
| #define LT_OBJDIR ".libs/"
| /* end confdefs.h.  */
| #include <pthread.h>
| void handler(void* arg)
| {
| }
| 
| void * thread(void* arg)
| {
| }
| 
| int
| main ()
| {
| pthread_t th; pthread_attr_t attr; pthread_join(th, 0);
|                      pthread_attr_init(&attr); pthread_cleanup_push(handler, 0);
|                      pthread_create(&th,&attr,thread,0); pthread_cleanup_pop(0);
|   ;
|   return 0;
| }
configure:12625: result: no
configure:12520: checking whether pthreads work without any flags
configure:12616: gcc -o conftest  -Werror    conftest.c   >&5
/tmp/ccYeUOR6.o: In function `main':
conftest.c:(.text+0x40): undefined reference to `pthread_join'
conftest.c:(.text+0xb4): undefined reference to `__pthread_register_cancel'
conftest.c:(.text+0xd4): undefined reference to `pthread_create'
conftest.c:(.text+0xe0): undefined reference to `__pthread_unregister_cancel'
collect2: error: ld returned 1 exit status
configure:12616: $? = 1
configure: failed program was:
| /* confdefs.h */
| #define PACKAGE_NAME "OpenMAX Bellagio"
| #define PACKAGE_TARNAME "libomxil-bellagio"
| #define PACKAGE_VERSION "0.9.1"
| #define PACKAGE_STRING "OpenMAX Bellagio 0.9.1"
| #define PACKAGE_BUGREPORT ""
| #define PACKAGE_URL ""
| #define PACKAGE "libomxil-bellagio"
| #define VERSION "0.9.1"
| #define STDC_HEADERS 1
| #define HAVE_SYS_TYPES_H 1
| #define HAVE_SYS_STAT_H 1
| #define HAVE_STDLIB_H 1
| #define HAVE_STRING_H 1
| #define HAVE_MEMORY_H 1
| #define HAVE_STRINGS_H 1
| #define HAVE_INTTYPES_H 1
| #define HAVE_STDINT_H 1
| #define HAVE_UNISTD_H 1
| #define HAVE_DLFCN_H 1
| #define LT_OBJDIR ".libs/"
| /* end confdefs.h.  */
| #include <pthread.h>
| void handler(void* arg)
| {
| }
| 
| void * thread(void* arg)
| {
| }
| 
| int
| main ()
| {
| pthread_t th; pthread_attr_t attr; pthread_join(th, 0);
|                      pthread_attr_init(&attr); pthread_cleanup_push(handler, 0);
|                      pthread_create(&th,&attr,thread,0); pthread_cleanup_pop(0);
|   ;
|   return 0;
| }
configure:12625: result: no
configure:12525: checking whether pthreads work with -Kthread
configure:12616: gcc -o conftest  -Werror -Kthread   conftest.c   >&5
gcc: error: unrecognized command line option '-Kthread'
configure:12616: $? = 1
configure: failed program was:
| /* confdefs.h */
| #define PACKAGE_NAME "OpenMAX Bellagio"
| #define PACKAGE_TARNAME "libomxil-bellagio"
| #define PACKAGE_VERSION "0.9.1"
| #define PACKAGE_STRING "OpenMAX Bellagio 0.9.1"
| #define PACKAGE_BUGREPORT ""
| #define PACKAGE_URL ""
| #define PACKAGE "libomxil-bellagio"
| #define VERSION "0.9.1"
| #define STDC_HEADERS 1
| #define HAVE_SYS_TYPES_H 1
| #define HAVE_SYS_STAT_H 1
| #define HAVE_STDLIB_H 1
| #define HAVE_STRING_H 1
| #define HAVE_MEMORY_H 1
| #define HAVE_STRINGS_H 1
| #define HAVE_INTTYPES_H 1
| #define HAVE_STDINT_H 1
| #define HAVE_UNISTD_H 1
| #define HAVE_DLFCN_H 1
| #define LT_OBJDIR ".libs/"
| /* end confdefs.h.  */
| #include <pthread.h>
| void handler(void* arg)
| {
| }
| 
| void * thread(void* arg)
| {
| }
| 
| int
| main ()
| {
| pthread_t th; pthread_attr_t attr; pthread_join(th, 0);
|                      pthread_attr_init(&attr); pthread_cleanup_push(handler, 0);
|                      pthread_create(&th,&attr,thread,0); pthread_cleanup_pop(0);
|   ;
|   return 0;
| }
configure:12625: result: no
configure:12525: checking whether pthreads work with -kthread
configure:12616: gcc -o conftest  -Werror -kthread   conftest.c   >&5
gcc: error: unrecognized command line option '-kthread'
configure:12616: $? = 1
configure: failed program was:
| /* confdefs.h */
| #define PACKAGE_NAME "OpenMAX Bellagio"
| #define PACKAGE_TARNAME "libomxil-bellagio"
| #define PACKAGE_VERSION "0.9.1"
| #define PACKAGE_STRING "OpenMAX Bellagio 0.9.1"
| #define PACKAGE_BUGREPORT ""
| #define PACKAGE_URL ""
| #define PACKAGE "libomxil-bellagio"
| #define VERSION "0.9.1"
| #define STDC_HEADERS 1
| #define HAVE_SYS_TYPES_H 1
| #define HAVE_SYS_STAT_H 1
| #define HAVE_STDLIB_H 1
| #define HAVE_STRING_H 1
| #define HAVE_MEMORY_H 1
| #define HAVE_STRINGS_H 1
| #define HAVE_INTTYPES_H 1
| #define HAVE_STDINT_H 1
| #define HAVE_UNISTD_H 1
| #define HAVE_DLFCN_H 1
| #define LT_OBJDIR ".libs/"
| /* end confdefs.h.  */
| #include <pthread.h>
| void handler(void* arg)
| {
| }
| 
| void * thread(void* arg)
| {
| }
| 
| int
| main ()
| {
| pthread_t th; pthread_attr_t attr; pthread_join(th, 0);
|                      pthread_attr_init(&attr); pthread_cleanup_push(handler, 0);
|                      pthread_create(&th,&attr,thread,0); pthread_cleanup_pop(0);
|   ;
|   return 0;
| }
configure:12625: result: no
configure:12575: checking for the pthreads library -llthread
configure:12616: gcc -o conftest  -Werror    conftest.c -llthread  >&5
/usr/bin/ld: cannot find -llthread
collect2: error: ld returned 1 exit status
configure:12616: $? = 1
configure: failed program was:
| /* confdefs.h */
| #define PACKAGE_NAME "OpenMAX Bellagio"
| #define PACKAGE_TARNAME "libomxil-bellagio"
| #define PACKAGE_VERSION "0.9.1"
| #define PACKAGE_STRING "OpenMAX Bellagio 0.9.1"
| #define PACKAGE_BUGREPORT ""
| #define PACKAGE_URL ""
| #define PACKAGE "libomxil-bellagio"
| #define VERSION "0.9.1"
| #define STDC_HEADERS 1
| #define HAVE_SYS_TYPES_H 1
| #define HAVE_SYS_STAT_H 1
| #define HAVE_STDLIB_H 1
| #define HAVE_STRING_H 1
| #define HAVE_MEMORY_H 1
| #define HAVE_STRINGS_H 1
| #define HAVE_INTTYPES_H 1
| #define HAVE_STDINT_H 1
| #define HAVE_UNISTD_H 1
| #define HAVE_DLFCN_H 1
| #define LT_OBJDIR ".libs/"
| /* end confdefs.h.  */
| #include <pthread.h>
| void handler(void* arg)
| {
| }
| 
| void * thread(void* arg)
| {
| }
| 
| int
| main ()
| {
| pthread_t th; pthread_attr_t attr; pthread_join(th, 0);
|                      pthread_attr_init(&attr); pthread_cleanup_push(handler, 0);
|                      pthread_create(&th,&attr,thread,0); pthread_cleanup_pop(0);
|   ;
|   return 0;
| }
configure:12625: result: no
configure:12525: checking whether pthreads work with -pthread
configure:12616: gcc -o conftest  -Werror -pthread   conftest.c   >&5
configure:12616: $? = 0
configure:12625: result: yes
configure:12644: checking for joinable pthread attribute
configure:12659: gcc -o conftest  -Werror -pthread   conftest.c   >&5
configure:12659: $? = 0
configure:12665: result: PTHREAD_CREATE_JOINABLE
configure:12675: checking if more special flags are required for pthreads
configure:12682: result: no
configure:12694: checking for cc_r
configure:12722: result: gcc
configure:12762: checking for library containing dlopen
configure:12793: gcc -o conftest  -Werror -pthread -g -Wall   conftest.c   >&5
/tmp/ccxY6k2a.o: In function `main':
/home/rene/workspace/omx/bellagio/libomxil-bellagio/conftest.c:34: undefined reference to `dlopen'
collect2: error: ld returned 1 exit status
configure:12793: $? = 1
configure: failed program was:
| /* confdefs.h */
| #define PACKAGE_NAME "OpenMAX Bellagio"
| #define PACKAGE_TARNAME "libomxil-bellagio"
| #define PACKAGE_VERSION "0.9.1"
| #define PACKAGE_STRING "OpenMAX Bellagio 0.9.1"
| #define PACKAGE_BUGREPORT ""
| #define PACKAGE_URL ""
| #define PACKAGE "libomxil-bellagio"
| #define VERSION "0.9.1"
| #define STDC_HEADERS 1
| #define HAVE_SYS_TYPES_H 1
| #define HAVE_SYS_STAT_H 1
| #define HAVE_STDLIB_H 1
| #define HAVE_STRING_H 1
| #define HAVE_MEMORY_H 1
| #define HAVE_STRINGS_H 1
| #define HAVE_INTTYPES_H 1
| #define HAVE_STDINT_H 1
| #define HAVE_UNISTD_H 1
| #define HAVE_DLFCN_H 1
| #define LT_OBJDIR ".libs/"
| /* end confdefs.h.  */
| 
| /* Override any GCC internal prototype to avoid an error.
|    Use char because int might match the return type of a GCC
|    builtin and then its argument prototype would still apply.  */
| #ifdef __cplusplus
| extern "C"
| #endif
| char dlopen ();
| int
| main ()
| {
| return dlopen ();
|   ;
|   return 0;
| }
configure:12793: gcc -o conftest  -Werror -pthread -g -Wall   conftest.c -ldl    >&5
configure:12793: $? = 0
configure:12810: result: -ldl
configure:12872: Using /usr/local/lib/bellagio as the components install location
configure:12885: checking linux/videodev2.h usability
configure:12885: gcc -c  -Werror -pthread -g -Wall  conftest.c >&5
configure:12885: $? = 0
configure:12885: result: yes
configure:12885: checking linux/videodev2.h presence
configure:12885: gcc -E  conftest.c
configure:12885: $? = 0
configure:12885: result: yes
configure:12885: checking for linux/videodev2.h
configure:12885: result: yes
configure:12897: checking linux/fb.h usability
configure:12897: gcc -c  -Werror -pthread -g -Wall  conftest.c >&5
configure:12897: $? = 0
configure:12897: result: yes
configure:12897: checking linux/fb.h presence
configure:12897: gcc -E  conftest.c
configure:12897: $? = 0
configure:12897: result: yes
configure:12897: checking for linux/fb.h
configure:12897: result: yes
configure:12909: checking X11/Xlib.h usability
configure:12909: gcc -c  -Werror -pthread -g -Wall  conftest.c >&5
conftest.c:57:22: fatal error: X11/Xlib.h: No such file or directory
compilation terminated.
configure:12909: $? = 1
configure: failed program was:
| /* confdefs.h */
| #define PACKAGE_NAME "OpenMAX Bellagio"
| #define PACKAGE_TARNAME "libomxil-bellagio"
| #define PACKAGE_VERSION "0.9.1"
| #define PACKAGE_STRING "OpenMAX Bellagio 0.9.1"
| #define PACKAGE_BUGREPORT ""
| #define PACKAGE_URL ""
| #define PACKAGE "libomxil-bellagio"
| #define VERSION "0.9.1"
| #define STDC_HEADERS 1
| #define HAVE_SYS_TYPES_H 1
| #define HAVE_SYS_STAT_H 1
| #define HAVE_STDLIB_H 1
| #define HAVE_STRING_H 1
| #define HAVE_MEMORY_H 1
| #define HAVE_STRINGS_H 1
| #define HAVE_INTTYPES_H 1
| #define HAVE_STDINT_H 1
| #define HAVE_UNISTD_H 1
| #define HAVE_DLFCN_H 1
| #define LT_OBJDIR ".libs/"
| #define PLUGINDIR "/usr/local/lib/bellagio"
| /* end confdefs.h.  */
| #include <stdio.h>
| #ifdef HAVE_SYS_TYPES_H
| # include <sys/types.h>
| #endif
| #ifdef HAVE_SYS_STAT_H
| # include <sys/stat.h>
| #endif
| #ifdef STDC_HEADERS
| # include <stdlib.h>
| # include <stddef.h>
| #else
| # ifdef HAVE_STDLIB_H
| #  include <stdlib.h>
| # endif
| #endif
| #ifdef HAVE_STRING_H
| # if !defined STDC_HEADERS && defined HAVE_MEMORY_H
| #  include <memory.h>
| # endif
| # include <string.h>
| #endif
| #ifdef HAVE_STRINGS_H
| # include <strings.h>
| #endif
| #ifdef HAVE_INTTYPES_H
| # include <inttypes.h>
| #endif
| #ifdef HAVE_STDINT_H
| # include <stdint.h>
| #endif
| #ifdef HAVE_UNISTD_H
| # include <unistd.h>
| #endif
| #include <X11/Xlib.h>
configure:12909: result: no
configure:12909: checking X11/Xlib.h presence
configure:12909: gcc -E  conftest.c
conftest.c:24:22: fatal error: X11/Xlib.h: No such file or directory
compilation terminated.
configure:12909: $? = 1
configure: failed program was:
| /* confdefs.h */
| #define PACKAGE_NAME "OpenMAX Bellagio"
| #define PACKAGE_TARNAME "libomxil-bellagio"
| #define PACKAGE_VERSION "0.9.1"
| #define PACKAGE_STRING "OpenMAX Bellagio 0.9.1"
| #define PACKAGE_BUGREPORT ""
| #define PACKAGE_URL ""
| #define PACKAGE "libomxil-bellagio"
| #define VERSION "0.9.1"
| #define STDC_HEADERS 1
| #define HAVE_SYS_TYPES_H 1
| #define HAVE_SYS_STAT_H 1
| #define HAVE_STDLIB_H 1
| #define HAVE_STRING_H 1
| #define HAVE_MEMORY_H 1
| #define HAVE_STRINGS_H 1
| #define HAVE_INTTYPES_H 1
| #define HAVE_STDINT_H 1
| #define HAVE_UNISTD_H 1
| #define HAVE_DLFCN_H 1
| #define LT_OBJDIR ".libs/"
| #define PLUGINDIR "/usr/local/lib/bellagio"
| /* end confdefs.h.  */
| #include <X11/Xlib.h>
configure:12909: result: no
configure:12909: checking for X11/Xlib.h
configure:12909: result: no
configure:12979: checking for pkg-config
configure:12997: found /usr/bin/pkg-config
configure:13009: result: /usr/bin/pkg-config
configure:13034: checking pkg-config is at least version 0.9.0
configure:13037: result: yes
configure:13047: checking for ALSA
configure:13054: $PKG_CONFIG --exists --print-errors "alsa"
configure:13057: $? = 0
configure:13071: $PKG_CONFIG --exists --print-errors "alsa"
configure:13074: $? = 0
configure:13112: result: yes
configure:13122: checking for VORBIS
configure:13129: $PKG_CONFIG --exists --print-errors "vorbis"
Package vorbis was not found in the pkg-config search path.
Perhaps you should add the directory containing `vorbis.pc'
to the PKG_CONFIG_PATH environment variable
No package 'vorbis' found
configure:13132: $? = 1
configure:13146: $PKG_CONFIG --exists --print-errors "vorbis"
Package vorbis was not found in the pkg-config search path.
Perhaps you should add the directory containing `vorbis.pc'
to the PKG_CONFIG_PATH environment variable
No package 'vorbis' found
configure:13149: $? = 1
configure:13163: result: no
No package 'vorbis' found
configure:13197: checking for MAD
configure:13204: $PKG_CONFIG --exists --print-errors "mad id3tag"
Package mad was not found in the pkg-config search path.
Perhaps you should add the directory containing `mad.pc'
to the PKG_CONFIG_PATH environment variable
No package 'mad' found
Package id3tag was not found in the pkg-config search path.
Perhaps you should add the directory containing `id3tag.pc'
to the PKG_CONFIG_PATH environment variable
No package 'id3tag' found
configure:13207: $? = 1
configure:13221: $PKG_CONFIG --exists --print-errors "mad id3tag"
Package mad was not found in the pkg-config search path.
Perhaps you should add the directory containing `mad.pc'
to the PKG_CONFIG_PATH environment variable
No package 'mad' found
Package id3tag was not found in the pkg-config search path.
Perhaps you should add the directory containing `id3tag.pc'
to the PKG_CONFIG_PATH environment variable
No package 'id3tag' found
configure:13224: $? = 1
configure:13238: result: no
No package 'mad' found
No package 'id3tag' found
configure:13272: checking for FFMPEG
configure:13279: $PKG_CONFIG --exists --print-errors "libavcodec libavformat libavutil libswscale"
Package libavcodec was not found in the pkg-config search path.
Perhaps you should add the directory containing `libavcodec.pc'
to the PKG_CONFIG_PATH environment variable
No package 'libavcodec' found
Package libavformat was not found in the pkg-config search path.
Perhaps you should add the directory containing `libavformat.pc'
to the PKG_CONFIG_PATH environment variable
No package 'libavformat' found
Package libavutil was not found in the pkg-config search path.
Perhaps you should add the directory containing `libavutil.pc'
to the PKG_CONFIG_PATH environment variable
No package 'libavutil' found
Package libswscale was not found in the pkg-config search path.
Perhaps you should add the directory containing `libswscale.pc'
to the PKG_CONFIG_PATH environment variable
No package 'libswscale' found
configure:13282: $? = 1
configure:13296: $PKG_CONFIG --exists --print-errors "libavcodec libavformat libavutil libswscale"
Package libavcodec was not found in the pkg-config search path.
Perhaps you should add the directory containing `libavcodec.pc'
to the PKG_CONFIG_PATH environment variable
No package 'libavcodec' found
Package libavformat was not found in the pkg-config search path.
Perhaps you should add the directory containing `libavformat.pc'
to the PKG_CONFIG_PATH environment variable
No package 'libavformat' found
Package libavutil was not found in the pkg-config search path.
Perhaps you should add the directory containing `libavutil.pc'
to the PKG_CONFIG_PATH environment variable
No package 'libavutil' found
Package libswscale was not found in the pkg-config search path.
Perhaps you should add the directory containing `libswscale.pc'
to the PKG_CONFIG_PATH environment variable
No package 'libswscale' found
configure:13299: $? = 1
configure:13313: result: no
No package 'libavcodec' found
No package 'libavformat' found
No package 'libavutil' found
No package 'libswscale' found
configure:13761: checking that generated files are newer than configure
configure:13767: result: done
configure:13842: creating ./config.status

## ---------------------- ##
## Running config.status. ##
## ---------------------- ##

This file was extended by OpenMAX Bellagio config.status 0.9.1, which was
generated by GNU Autoconf 2.69.  Invocation command line was

  CONFIG_FILES    = 
  CONFIG_HEADERS  = 
  CONFIG_LINKS    = 
  CONFIG_COMMANDS = 
  $ ./config.status 

on ubuntu

config.status:1169: creating Makefile
config.status:1169: creating libomxil-bellagio.pc
config.status:1169: creating libomxil-bellagio.spec
config.status:1169: creating doc/Doxyfile
config.status:1169: creating doc/footer_SF.html
config.status:1169: creating doc/omxregister-bellagio.1
config.status:1169: creating doc/Makefile
config.status:1169: creating include/Makefile
config.status:1169: creating src/Makefile
config.status:1169: creating src/base/Makefile
config.status:1169: creating src/components/Makefile
config.status:1169: creating src/components/alsa/Makefile
config.status:1169: creating src/components/ffmpeg/Makefile
config.status:1169: creating src/components/mad/Makefile
config.status:1169: creating src/components/vorbis/Makefile
config.status:1169: creating src/components/filereader/Makefile
config.status:1169: creating src/components/fbdev/Makefile
config.status:1169: creating src/components/audio_effects/Makefile
config.status:1169: creating src/components/video_src/Makefile
config.status:1169: creating src/components/parser3gp/Makefile
config.status:1169: creating src/components/clocksrc/Makefile
config.status:1169: creating src/components/camera/Makefile
config.status:1169: creating src/components/jpeg/Makefile
config.status:1169: creating src/components/jpeg/libjpeg-6c/Makefile
config.status:1169: creating src/components/muxer/Makefile
config.status:1169: creating src/components/xvideo/Makefile
config.status:1169: creating m4/Makefile
config.status:1169: creating test/Makefile
config.status:1169: creating test/components/Makefile
config.status:1169: creating test/components/common/Makefile
config.status:1169: creating test/components/audio/Makefile
config.status:1169: creating test/components/video/Makefile
config.status:1169: creating test/components/audio_effects/Makefile
config.status:1169: creating test/components/parser/Makefile
config.status:1169: creating test/components/camera/Makefile
config.status:1169: creating test/components/jpeg/Makefile
config.status:1169: creating test/components/muxer/Makefile
config.status:1169: creating config.h
config.status:1350: config.h is unchanged
config.status:1398: executing depfiles commands
config.status:1398: executing libtool commands

## ---------------- ##
## Cache variables. ##
## ---------------- ##

ac_cv_build=x86_64-pc-linux-gnu
ac_cv_c_compiler_gnu=yes
ac_cv_env_ALSA_CFLAGS_set=
ac_cv_env_ALSA_CFLAGS_value=
ac_cv_env_ALSA_LIBS_set=
ac_cv_env_ALSA_LIBS_value=
ac_cv_env_CC_set=
ac_cv_env_CC_value=
ac_cv_env_CFLAGS_set=
ac_cv_env_CFLAGS_value=
ac_cv_env_CPPFLAGS_set=
ac_cv_env_CPPFLAGS_value=
ac_cv_env_CPP_set=
ac_cv_env_CPP_value=
ac_cv_env_FFMPEG_CFLAGS_set=
ac_cv_env_FFMPEG_CFLAGS_value=
ac_cv_env_FFMPEG_LIBS_set=
ac_cv_env_FFMPEG_LIBS_value=
ac_cv_env_LDFLAGS_set=
ac_cv_env_LDFLAGS_value=
ac_cv_env_LIBS_set=
ac_cv_env_LIBS_value=
ac_cv_env_LT_SYS_LIBRARY_PATH_set=
ac_cv_env_LT_SYS_LIBRARY_PATH_value=
ac_cv_env_MAD_CFLAGS_set=
ac_cv_env_MAD_CFLAGS_value=
ac_cv_env_MAD_LIBS_set=
ac_cv_env_MAD_LIBS_value=
ac_cv_env_PKG_CONFIG_LIBDIR_set=
ac_cv_env_PKG_CONFIG_LIBDIR_value=
ac_cv_env_PKG_CONFIG_PATH_set=
ac_cv_env_PKG_CONFIG_PATH_value=
ac_cv_env_PKG_CONFIG_set=
ac_cv_env_PKG_CONFIG_value=
ac_cv_env_VORBIS_CFLAGS_set=
ac_cv_env_VORBIS_CFLAGS_value=
ac_cv_env_VORBIS_LIBS_set=
ac_cv_env_VORBIS_LIBS_value=
ac_cv_env_X11_CFLAGS_set=
ac_cv_env_X11_CFLAGS_value=
ac_cv_env_X11_LIBS_set=
ac_cv_env_X11_LIBS_value=
ac_cv_env_build_alias_set=
ac_cv_env_build_alias_value=
ac_cv_env_host_alias_set=
ac_cv_env_host_alias_value=
ac_cv_env_target_alias_set=
ac_cv_env_target_alias_value=
ac_cv_header_X11_Xlib_h=no
ac_cv_header_dlfcn_h=yes
ac_cv_header_inttypes_h=yes
ac_cv_header_linux_fb_h=yes
ac_cv_header_linux_videodev2_h=yes
ac_cv_header_memory_h=yes
ac_cv_header_stdc=yes
ac_cv_header_stdint_h=yes
ac_cv_header_stdlib_h=yes
ac_cv_header_string_h=yes
ac_cv_header_strings_h=yes
ac_cv_header_sys_stat_h=yes
ac_cv_header_sys_types_h=yes
ac_cv_header_unistd_h=yes
ac_cv_host=x86_64-pc-linux-gnu
ac_cv_objext=o
ac_cv_path_EGREP='/bin/grep -E'
ac_cv_path_FGREP='/bin/grep -F'
ac_cv_path_GREP=/bin/grep
ac_cv_path_SED=/bin/sed
ac_cv_path_ac_pt_PKG_CONFIG=/usr/bin/pkg-config
ac_cv_path_install='/usr/bin/install -c'
ac_cv_path_lt_DD=/bin/dd
ac_cv_path_mkdir=/bin/mkdir
ac_cv_prog_AWK=gawk
ac_cv_prog_CPP='gcc -E'
ac_cv_prog_HAVE_DOXYGEN=true
ac_cv_prog_PTHREAD_CC=gcc
ac_cv_prog_ac_ct_AR=ar
ac_cv_prog_ac_ct_CC=gcc
ac_cv_prog_ac_ct_MANIFEST_TOOL=mt
ac_cv_prog_ac_ct_OBJDUMP=objdump
ac_cv_prog_ac_ct_RANLIB=ranlib
ac_cv_prog_ac_ct_STRIP=strip
ac_cv_prog_cc_c89=
ac_cv_prog_cc_g=yes
ac_cv_prog_make_make_set=yes
ac_cv_search_dlopen=-ldl
am_cv_CC_dependencies_compiler_type=gcc3
am_cv_make_support_nested_variables=yes
am_cv_prog_cc_c_o=yes
am_cv_prog_tar_ustar=gnutar
lt_cv_ar_at_file=@
lt_cv_archive_cmds_need_lc=no
lt_cv_deplibs_check_method=pass_all
lt_cv_file_magic_cmd='$MAGIC_CMD'
lt_cv_file_magic_test_file=
lt_cv_ld_reload_flag=-r
lt_cv_nm_interface='BSD nm'
lt_cv_objdir=.libs
lt_cv_path_LD=/usr/bin/ld
lt_cv_path_NM='/usr/bin/nm -B'
lt_cv_path_mainfest_tool=no
lt_cv_prog_compiler_c_o=yes
lt_cv_prog_compiler_pic='-fPIC -DPIC'
lt_cv_prog_compiler_pic_works=yes
lt_cv_prog_compiler_rtti_exceptions=no
lt_cv_prog_compiler_static_works=yes
lt_cv_prog_gnu_ld=yes
lt_cv_sharedlib_from_linklib_cmd='printf %s\n'
lt_cv_shlibpath_overrides_runpath=no
lt_cv_sys_global_symbol_pipe='sed -n -e '\''s/^.*[	 ]\([ABCDGIRSTW][ABCDGIRSTW]*\)[	 ][	 ]*\([_A-Za-z][_A-Za-z0-9]*\)$/\1 \2 \2/p'\'' | sed '\''/ __gnu_lto/d'\'''
lt_cv_sys_global_symbol_to_c_name_address='sed -n -e '\''s/^: \(.*\) .*$/  {"\1", (void *) 0},/p'\'' -e '\''s/^[ABCDGIRSTW][ABCDGIRSTW]* .* \(.*\)$/  {"\1", (void *) \&\1},/p'\'''
lt_cv_sys_global_symbol_to_c_name_address_lib_prefix='sed -n -e '\''s/^: \(.*\) .*$/  {"\1", (void *) 0},/p'\'' -e '\''s/^[ABCDGIRSTW][ABCDGIRSTW]* .* \(lib.*\)$/  {"\1", (void *) \&\1},/p'\'' -e '\''s/^[ABCDGIRSTW][ABCDGIRSTW]* .* \(.*\)$/  {"lib\1", (void *) \&\1},/p'\'''
lt_cv_sys_global_symbol_to_cdecl='sed -n -e '\''s/^T .* \(.*\)$/extern int \1();/p'\'' -e '\''s/^[ABCDGIRSTW][ABCDGIRSTW]* .* \(.*\)$/extern char \1;/p'\'''
lt_cv_sys_global_symbol_to_import=
lt_cv_sys_max_cmd_len=1572864
lt_cv_to_host_file_cmd=func_convert_file_noop
lt_cv_to_tool_file_cmd=func_convert_file_noop
lt_cv_truncate_bin='/bin/dd bs=4096 count=1'
pkg_cv_ALSA_CFLAGS=-I/usr/include/alsa
pkg_cv_ALSA_LIBS=-lasound

## ----------------- ##
## Output variables. ##
## ----------------- ##

ACLOCAL='${SHELL} /home/rene/workspace/omx/bellagio/libomxil-bellagio/missing aclocal-1.15'
ALSA_CFLAGS='-I/usr/include/alsa'
ALSA_LIBS='-lasound'
AMDEPBACKSLASH='\'
AMDEP_FALSE='#'
AMDEP_TRUE=''
AMTAR='$${TAR-tar}'
AM_BACKSLASH='\'
AM_DEFAULT_V='$(AM_DEFAULT_VERBOSITY)'
AM_DEFAULT_VERBOSITY='1'
AM_V='$(V)'
AR='ar'
AUTOCONF='${SHELL} /home/rene/workspace/omx/bellagio/libomxil-bellagio/missing autoconf'
AUTOHEADER='${SHELL} /home/rene/workspace/omx/bellagio/libomxil-bellagio/missing autoheader'
AUTOMAKE='${SHELL} /home/rene/workspace/omx/bellagio/libomxil-bellagio/missing automake-1.15'
AWK='gawk'
CC='gcc'
CCDEPMODE='depmode=gcc3'
CFLAGS=' -Werror -pthread -g -Wall'
CPP='gcc -E'
CPPFLAGS=''
CYGPATH_W='echo'
DEFS='-DHAVE_CONFIG_H'
DEPDIR='.deps'
DLLTOOL='false'
DSYMUTIL=''
DUMPBIN=''
ECHO_C=''
ECHO_N='-n'
ECHO_T=''
EGREP='/bin/grep -E'
EXEEXT=''
FFMPEG_CFLAGS=''
FFMPEG_LIBS=''
FGREP='/bin/grep -F'
GREP='/bin/grep'
HAVE_DOXYGEN='true'
HAVE_DOXYGEN_FALSE='#'
HAVE_DOXYGEN_TRUE=''
INSTALL_DATA='${INSTALL} -m 644'
INSTALL_PROGRAM='${INSTALL}'
INSTALL_SCRIPT='${INSTALL}'
INSTALL_STRIP_PROGRAM='$(install_sh) -c -s'
LD='/usr/bin/ld -m elf_x86_64'
LDFLAGS=''
LIBOBJS=''
LIBS='-ldl  '
LIBTOOL='$(SHELL) $(top_builddir)/libtool'
LIPO=''
LN_S='ln -s'
LTLIBOBJS=''
LT_SYS_LIBRARY_PATH=''
MAD_CFLAGS=''
MAD_LIBS=''
MAKEINFO='${SHELL} /home/rene/workspace/omx/bellagio/libomxil-bellagio/missing makeinfo'
MANIFEST_TOOL=':'
MKDIR_P='/bin/mkdir -p'
NM='/usr/bin/nm -B'
NMEDIT=''
OBJDUMP='objdump'
OBJEXT='o'
OTOOL64=''
OTOOL=''
PACKAGE='libomxil-bellagio'
PACKAGE_BUGREPORT=''
PACKAGE_NAME='OpenMAX Bellagio'
PACKAGE_STRING='OpenMAX Bellagio 0.9.1'
PACKAGE_TARNAME='libomxil-bellagio'
PACKAGE_URL=''
PACKAGE_VERSION='0.9.1'
PATH_SEPARATOR=':'
PKG_CONFIG='/usr/bin/pkg-config'
PKG_CONFIG_LIBDIR=''
PKG_CONFIG_PATH=''
PLUGINDIR='/usr/local/lib/bellagio'
PLUGIN_LDFLAGS='-module -avoid-version -no-undefined -as-needed'
PTHREAD_CC='gcc'
PTHREAD_CFLAGS='-pthread'
PTHREAD_LIBS=''
RANLIB='ranlib'
SED='/bin/sed'
SET_MAKE=''
SHARED_VERSION_INFO='0:0:0'
SHELL='/bin/bash'
STRIP='strip'
VERSION='0.9.1'
VORBIS_CFLAGS=''
VORBIS_LIBS=''
WITH_ALSA_FALSE='#'
WITH_ALSA_TRUE=''
WITH_AMR_SUPPORT_FALSE=''
WITH_AMR_SUPPORT_TRUE='#'
WITH_AUDIOEFFECTS_FALSE='#'
WITH_AUDIOEFFECTS_TRUE=''
WITH_CLOCKSRC_FALSE='#'
WITH_CLOCKSRC_TRUE=''
WITH_FBDEV_VIDEOSINK_FALSE='#'
WITH_FBDEV_VIDEOSINK_TRUE=''
WITH_FFMPEGCOMPONENTS_FALSE=''
WITH_FFMPEGCOMPONENTS_TRUE='#'
WITH_JPEG_FALSE='#'
WITH_JPEG_TRUE=''
WITH_MADCOMPONENTS_FALSE=''
WITH_MADCOMPONENTS_TRUE='#'
WITH_V4L2_VIDEOSOURCE_FALSE='#'
WITH_V4L2_VIDEOSOURCE_TRUE=''
WITH_VIDEOSRC_FALSE='#'
WITH_VIDEOSRC_TRUE=''
WITH_VORBISCOMPONENTS_FALSE=''
WITH_VORBISCOMPONENTS_TRUE='#'
WITH_XVIDEOSINK_FALSE=''
WITH_XVIDEOSINK_TRUE='#'
X11_CFLAGS=''
X11_LIBS=''
ac_ct_AR='ar'
ac_ct_CC='gcc'
ac_ct_DUMPBIN=''
acx_pthread_config=''
am__EXEEXT_FALSE=''
am__EXEEXT_TRUE='#'
am__fastdepCC_FALSE='#'
am__fastdepCC_TRUE=''
am__include='include'
am__isrc=''
am__leading_dot='.'
am__nodep='_no'
am__quote=''
am__tar='tar --format=ustar -chf - "$$tardir"'
am__untar='tar -xf -'
bindir='${exec_prefix}/bin'
build='x86_64-pc-linux-gnu'
build_alias=''
build_cpu='x86_64'
build_os='linux-gnu'
build_vendor='pc'
datadir='${datarootdir}'
datarootdir='${prefix}/share'
docdir='${datarootdir}/doc/${PACKAGE_TARNAME}'
dvidir='${docdir}'
exec_prefix='${prefix}'
host='x86_64-pc-linux-gnu'
host_alias=''
host_cpu='x86_64'
host_os='linux-gnu'
host_vendor='pc'
htmldir='${docdir}'
includedir='${prefix}/include'
infodir='${datarootdir}/info'
install_sh='${SHELL} /home/rene/workspace/omx/bellagio/libomxil-bellagio/install-sh'
libdir='${exec_prefix}/lib'
libexecdir='${exec_prefix}/libexec'
localedir='${datarootdir}/locale'
localstatedir='${prefix}/var'
mandir='${datarootdir}/man'
mkdir_p='$(MKDIR_P)'
oldincludedir='/usr/include'
pdfdir='${docdir}'
plugindir='${libdir}/bellagio'
prefix='/usr/local'
program_transform_name='s,x,x,'
psdir='${docdir}'
runstatedir='${localstatedir}/run'
sbindir='${exec_prefix}/sbin'
sharedstatedir='${prefix}/com'
sysconfdir='${prefix}/etc'
target_alias=''

## ----------- ##
## confdefs.h. ##
## ----------- ##

/* confdefs.h */
#define PACKAGE_NAME "OpenMAX Bellagio"
#define PACKAGE_TARNAME "libomxil-bellagio"
#define PACKAGE_VERSION "0.9.1"
#define PACKAGE_STRING "OpenMAX Bellagio 0.9.1"
#define PACKAGE_BUGREPORT ""
#define PACKAGE_URL ""
#define PACKAGE "libomxil-bellagio"
#define VERSION "0.9.1"
#define STDC_HEADERS 1
#define HAVE_SYS_TYPES_H 1
#define HAVE_SYS_STAT_H 1
#define HAVE_STDLIB_H 1
#define HAVE_STRING_H 1
#define HAVE_MEMORY_H 1
#define HAVE_STRINGS_H 1
#define HAVE_INTTYPES_H 1
#define HAVE_STDINT_H 1
#define HAVE_UNISTD_H 1
#define HAVE_DLFCN_H 1
#define LT_OBJDIR ".libs/"
#define PLUGINDIR "/usr/local/lib/bellagio"

configure: exit 0
